Build started 30.08.2012 13:23:41.
Project "C:\lib\lpng1512\projects\vstudio\libpng\libpng.vcxproj" on node 2 (build target(s)).
InitializeBuildStatus:
  Touching "Debug\libpng.unsuccessfulbuild".
ClCompile:
  c:\Program Files (x86)\Microsoft Visual Studio 10.0\VC\bin\CL.exe /c /I"..\..\..\..\zlib-1.2.5" /Zi /nologo /W4 /WX /Od /Oi /Oy- /GL /D WIN32 /D _DEBUG /D _WINDOWS /D _USRDLL /D _WINDLL /D _MBCS /GF /Gm- /EHsc /RTC1 /MD /GS /Gy /fp:precise /fp:except- /Zc:wchar_t- /Zc:forScope /Yc"pngpriv.h" /Fp"Debug\libpng15.pch" /Fo"Debug\\" /Fd"Debug\vc100.pdb" /FR"Debug\\" /Gd /TC /wd4996 /wd4127 /analyze- /errorReport:prompt ..\..\..\png.c
  png.c
  c:\Program Files (x86)\Microsoft Visual Studio 10.0\VC\bin\CL.exe /c /I"..\..\..\..\zlib-1.2.5" /Zi /nologo /W4 /WX /Od /Oi /Oy- /GL /D WIN32 /D _DEBUG /D _WINDOWS /D _USRDLL /D _WINDLL /D _MBCS /GF /Gm- /EHsc /RTC1 /MD /GS /Gy /fp:precise /fp:except- /Zc:wchar_t- /Zc:forScope /Yu"pngpriv.h" /Fp"Debug\libpng15.pch" /Fo"Debug\\" /Fd"Debug\vc100.pdb" /FR"Debug\\" /Gd /TC /wd4996 /wd4127 /analyze- /errorReport:prompt ..\..\..\pngerror.c ..\..\..\pngget.c ..\..\..\pngmem.c ..\..\..\pngpread.c ..\..\..\pngread.c ..\..\..\pngrio.c ..\..\..\pngrtran.c ..\..\..\pngrutil.c ..\..\..\pngset.c ..\..\..\pngtrans.c ..\..\..\pngwio.c ..\..\..\pngwrite.c ..\..\..\pngwtran.c ..\..\..\pngwutil.c
  pngerror.c
  pngget.c
  pngmem.c
  pngpread.c
  pngread.c
  pngrio.c
  pngrtran.c
  pngrutil.c
  pngset.c
  pngtrans.c
  pngwio.c
  pngwrite.c
  pngwtran.c
  pngwutil.c
ResourceCompile:
  C:\Program Files (x86)\Microsoft SDKs\Windows\v7.0A\bin\rc.exe /l"0x0409" /nologo /fo"Debug\pngwin.res" ..\..\..\scripts\pngwin.rc 
Link:
  c:\Program Files (x86)\Microsoft Visual Studio 10.0\VC\bin\link.exe /ERRORREPORT:PROMPT /OUT:"C:\lib\lpng1512\projects\vstudio\Debug\libpng15.dll" /VERSION:"15" /INCREMENTAL:NO /NOLOGO /LIBPATH:C:\lib\lpng1512\projects\vstudio\Debug\ zlib.lib /MANIFEST /ManifestFile:"Debug\libpng15.dll.intermediate.manifest" /MANIFESTUAC:"level='asInvoker' uiAccess='false'" /DEBUG /PDB:"C:\lib\lpng1512\projects\vstudio\Debug\libpng15.pdb" /SUBSYSTEM:WINDOWS /LTCG /TLBID:1 /DYNAMICBASE /NXCOMPAT /IMPLIB:"C:\lib\lpng1512\projects\vstudio\Debug\libpng15.lib" /MACHINE:X86 /DLL Debug\pngwin.res
  Debug\png.obj
  Debug\pngerror.obj
  Debug\pngget.obj
  Debug\pngmem.obj
  Debug\pngpread.obj
  Debug\pngread.obj
  Debug\pngrio.obj
  Debug\pngrtran.obj
  Debug\pngrutil.obj
  Debug\pngset.obj
  Debug\pngtrans.obj
  Debug\pngwio.obj
  Debug\pngwrite.obj
  Debug\pngwtran.obj
  Debug\pngwutil.obj
     Creating library C:\lib\lpng1512\projects\vstudio\Debug\libpng15.lib and object C:\lib\lpng1512\projects\vstudio\Debug\libpng15.exp
  Generating code
  Finished generating code
  libpng.vcxproj -> C:\lib\lpng1512\projects\vstudio\Debug\libpng15.dll
Manifest:
  C:\Program Files (x86)\Microsoft SDKs\Windows\v7.0A\bin\mt.exe /nologo /verbose /outputresource:"C:\lib\lpng1512\projects\vstudio\Debug\libpng15.dll;#2" /manifest Debug\libpng15.dll.intermediate.manifest
BscMake:
  c:\Program Files (x86)\Microsoft Visual Studio 10.0\VC\bin\bscmake.exe /nologo /o"C:\lib\lpng1512\projects\vstudio\Debug\libpng15.bsc" Debug\png.sbr Debug\pngerror.sbr Debug\pngget.sbr Debug\pngmem.sbr Debug\pngpread.sbr Debug\pngread.sbr Debug\pngrio.sbr Debug\pngrtran.sbr Debug\pngrutil.sbr Debug\pngset.sbr Debug\pngtrans.sbr Debug\pngwio.sbr Debug\pngwrite.sbr Debug\pngwtran.sbr Debug\pngwutil.sbr
FinalizeBuildStatus:
  Deleting file "Debug\libpng.unsuccessfulbuild".
  Touching "Debug\libpng.lastbuildstate".
Done Building Project "C:\lib\lpng1512\projects\vstudio\libpng\libpng.vcxproj" (build target(s)).

Build succeeded.

Time Elapsed 00:00:02.92
