Build started 3/10/2013 5:01:01 PM.
     1>Project "C:\Users\Pimms\Documents\GitHub\Pim\visualstudio2012\Pim.vcxproj" on node 2 (Build target(s)).
     1>C:\Program Files (x86)\MSBuild\Microsoft.Cpp\v4.0\V110\Microsoft.CppBuild.targets(346,5): warning MSB8004: Output Directory does not end with a trailing slash.  This build instance will add the slash as it is required to allow proper evaluation of the Output Directory.
     1>InitializeBuildStatus:
         Creating "Release\Pim.unsuccessfulbuild" because "AlwaysCreate" was specified.
       ClCompile:
         C:\Program Files (x86)\Microsoft Visual Studio 11.0\VC\bin\CL.exe /c /I"..\src\dep\include\SDL-2.0.0-6940" /I"..\src\dep\include\OpenAL-1.1" /I"..\src\dep\include\libogg-1.3.0" /I..\src\dep\include\tinyxml\ /I"..\src\dep\include\libvorbis-1.3.3" /I"..\src\dep\include\freetype-2.1.10" /I"..\src\dep\include\glew-1.9.0" /I..\src\dep\include\lpng1512 /Zi /nologo /W3 /WX- /O2 /Oi /Oy- /D GLEW_STATIC /D WIN32 /D _MBCS /Gm- /EHsc /MD /GS /Gy /fp:precise /Zc:wchar_t /Zc:forScope /Fo"Release\\" /Fd"Release\vc110.pdb" /Gd /TP /analyze- /errorReport:prompt ..\src\Pim.cpp ..\src\PimAction.cpp ..\src\PimAudioManager.cpp ..\src\PimButton.cpp ..\src\PimConsoleReader.cpp ..\src\PimFont.cpp ..\src\PimGameControl.cpp ..\src\PimGameNode.cpp ..\src\PimInput.cpp ..\src\PimLabel.cpp ..\src\PimLayer.cpp ..\src\PimLevelParser.cpp ..\src\PimLightDef.cpp ..\src\PimLightingSystem.cpp ..\src\PimParticleSystem.cpp ..\src\PimPolygonShape.cpp ..\src\PimRenderTexture.cpp ..\src\PimRenderWindow.cpp ..\src\PimScene.cpp ..\src\PimShaderManager.cpp ..\src\PimSlider.cpp ..\src\PimSound.cpp ..\src\PimSprite.cpp ..\src\PimSpriteBatchNode.cpp ..\src\PimVec2.cpp ..\src\PimWinStyle.cpp
         Pim.cpp
         PimAction.cpp
         PimAudioManager.cpp
         PimButton.cpp
         PimConsoleReader.cpp
         PimFont.cpp
         PimGameControl.cpp
         PimGameNode.cpp
         PimInput.cpp
     1>..\src\PimInput.cpp(591): warning C4244: '=' : conversion from 'int' to 'float', possible loss of data
         PimLabel.cpp
     1>..\src\PimLabel.cpp(97): warning C4996: 'vsprintf': This function or variable may be unsafe. Consider using vsprintf_s instead. To disable deprecation, use _CRT_SECURE_NO_WARNINGS. See online help for details.
                 C:\Program Files (x86)\Microsoft Visual Studio 11.0\VC\include\stdio.h(357) : see declaration of 'vsprintf'
         PimLayer.cpp
         PimLevelParser.cpp
         PimLightDef.cpp
         PimLightingSystem.cpp
         PimParticleSystem.cpp
     1>..\src\PimParticleSystem.cpp(144): warning C4018: '>' : signed/unsigned mismatch
         PimPolygonShape.cpp
         PimRenderTexture.cpp
         PimRenderWindow.cpp
     1>..\src\PimRenderWindow.cpp(102): warning C4244: 'argument' : conversion from 'float' to 'int', possible loss of data
         PimScene.cpp
         PimShaderManager.cpp
         Generating Code...
         Compiling...
         PimSlider.cpp
         PimSound.cpp
     1>..\src\PimSound.cpp(382): warning C4996: 'fopen': This function or variable may be unsafe. Consider using fopen_s instead. To disable deprecation, use _CRT_SECURE_NO_WARNINGS. See online help for details.
                 C:\Program Files (x86)\Microsoft Visual Studio 11.0\VC\include\stdio.h(218) : see declaration of 'fopen'
         PimSprite.cpp
     1>..\src\PimSprite.cpp(69): warning C4996: 'fopen': This function or variable may be unsafe. Consider using fopen_s instead. To disable deprecation, use _CRT_SECURE_NO_WARNINGS. See online help for details.
                 C:\Program Files (x86)\Microsoft Visual Studio 11.0\VC\include\stdio.h(218) : see declaration of 'fopen'
         PimSpriteBatchNode.cpp
         PimVec2.cpp
         PimWinStyle.cpp
         Generating Code...
       Lib:
         C:\Program Files (x86)\Microsoft Visual Studio 11.0\VC\bin\Lib.exe /OUT:"C:\lib\pim\lib\Release\PIM.lib" SDL.lib SDLmain.lib OpenAL32.lib tinyxml.lib libvorbisfile_static.lib libvorbis_static.lib libogg_static.lib glew32s.lib zlib.lib libpng15.lib freetype2110MT.lib /LIBPATH:..\src\dep\lib /LIBPATH:..\src\dep\lib\Release /NOLOGO /LTCG Release\Pim.obj
         Release\PimAction.obj
         Release\PimAudioManager.obj
         Release\PimButton.obj
         Release\PimConsoleReader.obj
         Release\PimFont.obj
         Release\PimGameControl.obj
         Release\PimGameNode.obj
         Release\PimInput.obj
         Release\PimLabel.obj
         Release\PimLayer.obj
         Release\PimLevelParser.obj
         Release\PimLightDef.obj
         Release\PimLightingSystem.obj
         Release\PimParticleSystem.obj
         Release\PimPolygonShape.obj
         Release\PimRenderTexture.obj
         Release\PimRenderWindow.obj
         Release\PimScene.obj
         Release\PimShaderManager.obj
         Release\PimSlider.obj
         Release\PimSound.obj
         Release\PimSprite.obj
         Release\PimSpriteBatchNode.obj
         Release\PimVec2.obj
         Release\PimWinStyle.obj
     1>OpenAL32.lib(OpenAL32.dll) : warning LNK4006: __NULL_IMPORT_DESCRIPTOR already defined in SDL.lib(SDL.dll); second definition ignored
         Pim.vcxproj -> C:\lib\pim\lib\Release\PIM.lib
       FinalizeBuildStatus:
         Deleting file "Release\Pim.unsuccessfulbuild".
         Touching "Release\Pim.lastbuildstate".
     1>Done Building Project "C:\Users\Pimms\Documents\GitHub\Pim\visualstudio2012\Pim.vcxproj" (Build target(s)).

Build succeeded.

Time Elapsed 00:00:30.19
