C:\USERS\PIMMS\DOCUMENTS\GITHUB\PIM\VISUALSTUDIO2012\RELEASE\PIMSHADERMANAGER.OBJ
C:\USERS\PIMMS\DOCUMENTS\GITHUB\PIM\VISUALSTUDIO2012\RELEASE\PIMSCENE.OBJ
C:\USERS\PIMMS\DOCUMENTS\GITHUB\PIM\VISUALSTUDIO2012\RELEASE\PIMRENDERWINDOW.OBJ
C:\USERS\PIMMS\DOCUMENTS\GITHUB\PIM\VISUALSTUDIO2012\RELEASE\PIMRENDERTEXTURE.OBJ
C:\USERS\PIMMS\DOCUMENTS\GITHUB\PIM\VISUALSTUDIO2012\RELEASE\PIMPOLYGONSHAPE.OBJ
C:\USERS\PIMMS\DOCUMENTS\GITHUB\PIM\VISUALSTUDIO2012\RELEASE\PIMPARTICLESYSTEM.OBJ
C:\USERS\PIMMS\DOCUMENTS\GITHUB\PIM\VISUALSTUDIO2012\RELEASE\PIMLIGHTINGSYSTEM.OBJ
C:\USERS\PIMMS\DOCUMENTS\GITHUB\PIM\VISUALSTUDIO2012\RELEASE\PIMLIGHTDEF.OBJ
C:\USERS\PIMMS\DOCUMENTS\GITHUB\PIM\VISUALSTUDIO2012\RELEASE\PIMLEVELPARSER.OBJ
C:\USERS\PIMMS\DOCUMENTS\GITHUB\PIM\VISUALSTUDIO2012\RELEASE\PIMLAYER.OBJ
C:\USERS\PIMMS\DOCUMENTS\GITHUB\PIM\VISUALSTUDIO2012\RELEASE\PIMLABEL.OBJ
C:\USERS\PIMMS\DOCUMENTS\GITHUB\PIM\VISUALSTUDIO2012\RELEASE\PIMINPUT.OBJ
C:\USERS\PIMMS\DOCUMENTS\GITHUB\PIM\VISUALSTUDIO2012\RELEASE\PIMGAMENODE.OBJ
C:\USERS\PIMMS\DOCUMENTS\GITHUB\PIM\VISUALSTUDIO2012\RELEASE\PIMGAMECONTROL.OBJ
C:\USERS\PIMMS\DOCUMENTS\GITHUB\PIM\VISUALSTUDIO2012\RELEASE\PIMFONT.OBJ
C:\USERS\PIMMS\DOCUMENTS\GITHUB\PIM\VISUALSTUDIO2012\RELEASE\PIMCONSOLEREADER.OBJ
C:\USERS\PIMMS\DOCUMENTS\GITHUB\PIM\VISUALSTUDIO2012\RELEASE\PIMBUTTON.OBJ
C:\USERS\PIMMS\DOCUMENTS\GITHUB\PIM\VISUALSTUDIO2012\RELEASE\PIMAUDIOMANAGER.OBJ
C:\USERS\PIMMS\DOCUMENTS\GITHUB\PIM\VISUALSTUDIO2012\RELEASE\PIMACTION.OBJ
C:\USERS\PIMMS\DOCUMENTS\GITHUB\PIM\VISUALSTUDIO2012\RELEASE\PIM.OBJ
C:\USERS\PIMMS\DOCUMENTS\GITHUB\PIM\VISUALSTUDIO2012\RELEASE\PIMWINSTYLE.OBJ
C:\USERS\PIMMS\DOCUMENTS\GITHUB\PIM\VISUALSTUDIO2012\RELEASE\PIMVEC2.OBJ
C:\USERS\PIMMS\DOCUMENTS\GITHUB\PIM\VISUALSTUDIO2012\RELEASE\PIMSPRITEBATCHNODE.OBJ
C:\USERS\PIMMS\DOCUMENTS\GITHUB\PIM\VISUALSTUDIO2012\RELEASE\PIMSPRITE.OBJ
C:\USERS\PIMMS\DOCUMENTS\GITHUB\PIM\VISUALSTUDIO2012\RELEASE\PIMSOUND.OBJ
C:\USERS\PIMMS\DOCUMENTS\GITHUB\PIM\VISUALSTUDIO2012\RELEASE\PIMSLIDER.OBJ
C:\USERS\PIMMS\DOCUMENTS\GITHUB\PIM\VISUALSTUDIO2012\RELEASE\VC110.PDB
C:\LIB\PIM\LIB\RELEASE\PIM.LIB
C:\Users\Pimms\Documents\GitHub\Pim\visualstudio2012\Release\Pim.obj
C:\Users\Pimms\Documents\GitHub\Pim\visualstudio2012\Release\PimAction.obj
C:\Users\Pimms\Documents\GitHub\Pim\visualstudio2012\Release\PimAudioManager.obj
C:\Users\Pimms\Documents\GitHub\Pim\visualstudio2012\Release\PimButton.obj
C:\Users\Pimms\Documents\GitHub\Pim\visualstudio2012\Release\PimConsoleReader.obj
C:\Users\Pimms\Documents\GitHub\Pim\visualstudio2012\Release\PimFont.obj
C:\Users\Pimms\Documents\GitHub\Pim\visualstudio2012\Release\PimGameControl.obj
C:\Users\Pimms\Documents\GitHub\Pim\visualstudio2012\Release\PimGameNode.obj
C:\Users\Pimms\Documents\GitHub\Pim\visualstudio2012\Release\PimInput.obj
C:\Users\Pimms\Documents\GitHub\Pim\visualstudio2012\Release\PimLabel.obj
C:\Users\Pimms\Documents\GitHub\Pim\visualstudio2012\Release\PimLayer.obj
C:\Users\Pimms\Documents\GitHub\Pim\visualstudio2012\Release\PimLevelParser.obj
C:\Users\Pimms\Documents\GitHub\Pim\visualstudio2012\Release\PimLightDef.obj
C:\Users\Pimms\Documents\GitHub\Pim\visualstudio2012\Release\PimLightingSystem.obj
C:\Users\Pimms\Documents\GitHub\Pim\visualstudio2012\Release\PimParticleSystem.obj
C:\Users\Pimms\Documents\GitHub\Pim\visualstudio2012\Release\PimPolygonShape.obj
C:\Users\Pimms\Documents\GitHub\Pim\visualstudio2012\Release\PimRenderTexture.obj
C:\Users\Pimms\Documents\GitHub\Pim\visualstudio2012\Release\PimRenderWindow.obj
C:\Users\Pimms\Documents\GitHub\Pim\visualstudio2012\Release\PimScene.obj
C:\Users\Pimms\Documents\GitHub\Pim\visualstudio2012\Release\PimShaderManager.obj
C:\Users\Pimms\Documents\GitHub\Pim\visualstudio2012\Release\PimSlider.obj
C:\Users\Pimms\Documents\GitHub\Pim\visualstudio2012\Release\PimSound.obj
C:\Users\Pimms\Documents\GitHub\Pim\visualstudio2012\Release\PimSprite.obj
C:\Users\Pimms\Documents\GitHub\Pim\visualstudio2012\Release\PimSpriteBatchNode.obj
C:\Users\Pimms\Documents\GitHub\Pim\visualstudio2012\Release\PimVec2.obj
C:\Users\Pimms\Documents\GitHub\Pim\visualstudio2012\Release\PimWinStyle.obj
C:\Users\Pimms\Documents\GitHub\Pim\visualstudio2012\Release\cl.command.1.tlog
C:\Users\Pimms\Documents\GitHub\Pim\visualstudio2012\Release\CL.read.1.tlog
C:\Users\Pimms\Documents\GitHub\Pim\visualstudio2012\Release\CL.write.1.tlog
C:\Users\Pimms\Documents\GitHub\Pim\visualstudio2012\Release\Lib-link.read.1.tlog
C:\Users\Pimms\Documents\GitHub\Pim\visualstudio2012\Release\Lib-link.write.1.tlog
C:\Users\Pimms\Documents\GitHub\Pim\visualstudio2012\Release\lib.command.1.tlog
C:\Users\Pimms\Documents\GitHub\Pim\visualstudio2012\Release\Lib.read.1.tlog
C:\Users\Pimms\Documents\GitHub\Pim\visualstudio2012\Release\vc110.pdb
C:\lib\pim\lib\Release\PIM.lib
