Build started 3/10/2013 6:17:46 PM.
     1>Project "C:\Users\Pimms\Documents\GitHub\Pim\visualstudio2012\Pim.vcxproj" on node 2 (Build target(s)).
     1>C:\Program Files (x86)\MSBuild\Microsoft.Cpp\v4.0\V110\Microsoft.CppBuild.targets(346,5): warning MSB8004: Output Directory does not end with a trailing slash.  This build instance will add the slash as it is required to allow proper evaluation of the Output Directory.
     1>InitializeBuildStatus:
         Creating "Debug\Pim.unsuccessfulbuild" because "AlwaysCreate" was specified.
       ClCompile:
         C:\Program Files (x86)\Microsoft Visual Studio 11.0\VC\bin\CL.exe /c /I"..\src\dep\include\SDL-2.0.0-6940" /I"..\src\dep\include\OpenAL-1.1" /I"..\src\dep\include\libogg-1.3.0" /I..\src\dep\include\tinyxml\ /I"..\src\dep\include\libvorbis-1.3.3" /I"..\src\dep\include\freetype-2.1.10" /I"..\src\dep\include\glew-1.9.0" /I..\src\dep\include\lpng1512 /Zi /nologo /W3 /WX- /Od /Oy- /D GLEW_STATIC /D WIN32 /D _DEBUG /D _MBCS /D _MBCS /Gm /EHsc /RTC1 /MDd /GS /fp:precise /Zc:wchar_t /Zc:forScope /openmp /Fo"Debug\\" /Fd"Debug\vc110.pdb" /Gd /TP /analyze- /errorReport:prompt -D_SCL_SECURE_NO_WARNINGS ..\src\PimGameControl.cpp
         PimGameControl.cpp
       Lib:
         C:\Program Files (x86)\Microsoft Visual Studio 11.0\VC\bin\Lib.exe /OUT:"C:/users/pimms/documents/github/pim/bin\lib\Debug\PIM.lib" SDL.lib SDLmain.lib OpenAL32.lib tinyxml.lib libvorbisfile_static.lib libvorbis_static.lib libogg_static.lib glew32s.lib zlib.lib libpng15.lib freetype2110MT_D.lib kernel32.lib user32.lib gdi32.lib winspool.lib comdlg32.lib advapi32.lib shell32.lib ole32.lib oleaut32.lib uuid.lib /LIBPATH:..\src\dep\lib /LIBPATH:..\src\dep\lib\Debug /NOLOGO Debug\Pim.obj
         Debug\PimAction.obj
         Debug\PimAudioManager.obj
         Debug\PimButton.obj
         Debug\PimConsoleReader.obj
         Debug\PimFont.obj
         Debug\PimGameControl.obj
         Debug\PimGameNode.obj
         Debug\PimInput.obj
         Debug\PimLabel.obj
         Debug\PimLayer.obj
         Debug\PimLevelParser.obj
         Debug\PimLightDef.obj
         Debug\PimLightingSystem.obj
         Debug\PimParticleSystem.obj
         Debug\PimPolygonShape.obj
         Debug\PimRenderTexture.obj
         Debug\PimRenderWindow.obj
         Debug\PimScene.obj
         Debug\PimShaderManager.obj
         Debug\PimSlider.obj
         Debug\PimSound.obj
         Debug\PimSprite.obj
         Debug\PimSpriteBatchNode.obj
         Debug\PimVec2.obj
         Debug\PimWinStyle.obj
     1>OpenAL32.lib(OpenAL32.dll) : warning LNK4006: __NULL_IMPORT_DESCRIPTOR already defined in SDL.lib(SDL.dll); second definition ignored
     1>OpenAL32.lib(OpenAL32.dll) : warning LNK4221: This object file does not define any previously undefined public symbols, so it will not be used by any link operation that consumes this library
     1>kernel32.lib(KERNEL32.dll) : warning LNK4006: __NULL_IMPORT_DESCRIPTOR already defined in SDL.lib(SDL.dll); second definition ignored
     1>kernel32.lib(KERNEL32.dll) : warning LNK4221: This object file does not define any previously undefined public symbols, so it will not be used by any link operation that consumes this library
     1>user32.lib(USER32.dll) : warning LNK4006: __NULL_IMPORT_DESCRIPTOR already defined in SDL.lib(SDL.dll); second definition ignored
     1>user32.lib(USER32.dll) : warning LNK4221: This object file does not define any previously undefined public symbols, so it will not be used by any link operation that consumes this library
     1>gdi32.lib(GDI32.dll) : warning LNK4006: __NULL_IMPORT_DESCRIPTOR already defined in SDL.lib(SDL.dll); second definition ignored
     1>gdi32.lib(GDI32.dll) : warning LNK4221: This object file does not define any previously undefined public symbols, so it will not be used by any link operation that consumes this library
     1>winspool.lib(WINSPOOL.DRV) : warning LNK4006: __NULL_IMPORT_DESCRIPTOR already defined in SDL.lib(SDL.dll); second definition ignored
     1>winspool.lib(WINSPOOL.DRV) : warning LNK4221: This object file does not define any previously undefined public symbols, so it will not be used by any link operation that consumes this library
     1>comdlg32.lib(COMDLG32.dll) : warning LNK4006: __NULL_IMPORT_DESCRIPTOR already defined in SDL.lib(SDL.dll); second definition ignored
     1>comdlg32.lib(COMDLG32.dll) : warning LNK4221: This object file does not define any previously undefined public symbols, so it will not be used by any link operation that consumes this library
     1>advapi32.lib(ADVAPI32.dll) : warning LNK4006: __NULL_IMPORT_DESCRIPTOR already defined in SDL.lib(SDL.dll); second definition ignored
     1>advapi32.lib(ADVAPI32.dll) : warning LNK4221: This object file does not define any previously undefined public symbols, so it will not be used by any link operation that consumes this library
     1>shell32.lib(SHELL32.dll) : warning LNK4006: __NULL_IMPORT_DESCRIPTOR already defined in SDL.lib(SDL.dll); second definition ignored
     1>shell32.lib(SHELL32.dll) : warning LNK4221: This object file does not define any previously undefined public symbols, so it will not be used by any link operation that consumes this library
     1>ole32.lib(ole32.dll) : warning LNK4006: __NULL_IMPORT_DESCRIPTOR already defined in SDL.lib(SDL.dll); second definition ignored
     1>ole32.lib(ole32.dll) : warning LNK4221: This object file does not define any previously undefined public symbols, so it will not be used by any link operation that consumes this library
     1>oleaut32.lib(OLEAUT32.dll) : warning LNK4006: __NULL_IMPORT_DESCRIPTOR already defined in SDL.lib(SDL.dll); second definition ignored
     1>oleaut32.lib(OLEAUT32.dll) : warning LNK4221: This object file does not define any previously undefined public symbols, so it will not be used by any link operation that consumes this library
     1>uuid.lib(iid.obj) : warning LNK4006: _IID_IEventDispatcher already defined in uuid.lib(seo_i.obj); second definition ignored
         Pim.vcxproj -> C:/users/pimms/documents/github/pim/bin\lib\Debug\PIM.lib
       FinalizeBuildStatus:
         Deleting file "Debug\Pim.unsuccessfulbuild".
         Touching "Debug\Pim.lastbuildstate".
     1>Done Building Project "C:\Users\Pimms\Documents\GitHub\Pim\visualstudio2012\Pim.vcxproj" (Build target(s)).

Build succeeded.

Time Elapsed 00:00:02.28
