C:\USERS\PIMMS\DOCUMENTS\GITHUB\PIM\VISUALSTUDIO2012\DEBUG\PIMGAMECONTROL.OBJ
C:\USERS\PIMMS\DOCUMENTS\GITHUB\PIM\VISUALSTUDIO2012\DEBUG\PIMGAMENODE.OBJ
C:\USERS\PIMMS\DOCUMENTS\GITHUB\PIM\VISUALSTUDIO2012\DEBUG\PIMINPUT.OBJ
C:\USERS\PIMMS\DOCUMENTS\GITHUB\PIM\VISUALSTUDIO2012\DEBUG\PIMLABEL.OBJ
C:\USERS\PIMMS\DOCUMENTS\GITHUB\PIM\VISUALSTUDIO2012\DEBUG\PIMLAYER.OBJ
C:\USERS\PIMMS\DOCUMENTS\GITHUB\PIM\VISUALSTUDIO2012\DEBUG\PIMLEVELPARSER.OBJ
C:\USERS\PIMMS\DOCUMENTS\GITHUB\PIM\VISUALSTUDIO2012\DEBUG\PIMLIGHTDEF.OBJ
C:\USERS\PIMMS\DOCUMENTS\GITHUB\PIM\VISUALSTUDIO2012\DEBUG\PIMLIGHTINGSYSTEM.OBJ
C:\USERS\PIMMS\DOCUMENTS\GITHUB\PIM\VISUALSTUDIO2012\DEBUG\PIMPARTICLESYSTEM.OBJ
C:\USERS\PIMMS\DOCUMENTS\GITHUB\PIM\VISUALSTUDIO2012\DEBUG\PIMPOLYGONSHAPE.OBJ
C:\USERS\PIMMS\DOCUMENTS\GITHUB\PIM\VISUALSTUDIO2012\DEBUG\PIMRENDERTEXTURE.OBJ
C:\USERS\PIMMS\DOCUMENTS\GITHUB\PIM\VISUALSTUDIO2012\DEBUG\PIMRENDERWINDOW.OBJ
C:\USERS\PIMMS\DOCUMENTS\GITHUB\PIM\VISUALSTUDIO2012\DEBUG\PIMSCENE.OBJ
C:\USERS\PIMMS\DOCUMENTS\GITHUB\PIM\VISUALSTUDIO2012\DEBUG\PIMSHADERMANAGER.OBJ
C:\USERS\PIMMS\DOCUMENTS\GITHUB\PIM\VISUALSTUDIO2012\DEBUG\PIMSLIDER.OBJ
C:\USERS\PIMMS\DOCUMENTS\GITHUB\PIM\VISUALSTUDIO2012\DEBUG\PIMSOUND.OBJ
C:\USERS\PIMMS\DOCUMENTS\GITHUB\PIM\VISUALSTUDIO2012\DEBUG\PIMSPRITE.OBJ
C:\USERS\PIMMS\DOCUMENTS\GITHUB\PIM\VISUALSTUDIO2012\DEBUG\PIMSPRITEBATCHNODE.OBJ
C:\USERS\PIMMS\DOCUMENTS\GITHUB\PIM\VISUALSTUDIO2012\DEBUG\PIMVEC2.OBJ
C:\USERS\PIMMS\DOCUMENTS\GITHUB\PIM\VISUALSTUDIO2012\DEBUG\PIMWINSTYLE.OBJ
C:\USERS\PIMMS\DOCUMENTS\GITHUB\PIM\VISUALSTUDIO2012\DEBUG\PIM.OBJ
C:\USERS\PIMMS\DOCUMENTS\GITHUB\PIM\VISUALSTUDIO2012\DEBUG\PIMACTION.OBJ
C:\USERS\PIMMS\DOCUMENTS\GITHUB\PIM\VISUALSTUDIO2012\DEBUG\PIMAUDIOMANAGER.OBJ
C:\USERS\PIMMS\DOCUMENTS\GITHUB\PIM\VISUALSTUDIO2012\DEBUG\PIMBUTTON.OBJ
C:\USERS\PIMMS\DOCUMENTS\GITHUB\PIM\VISUALSTUDIO2012\DEBUG\PIMCONSOLEREADER.OBJ
C:\USERS\PIMMS\DOCUMENTS\GITHUB\PIM\VISUALSTUDIO2012\DEBUG\PIMFONT.OBJ
C:\USERS\PIMMS\DOCUMENTS\GITHUB\PIM\VISUALSTUDIO2012\DEBUG\VC110.PDB
C:\LIB\PIM\LIB\DEBUG\PIM.LIB
C:\Users\Pimms\Documents\GitHub\Pim\visualstudio2012\Debug\Pim.obj
C:\Users\Pimms\Documents\GitHub\Pim\visualstudio2012\Debug\PimAction.obj
C:\Users\Pimms\Documents\GitHub\Pim\visualstudio2012\Debug\PimAudioManager.obj
C:\Users\Pimms\Documents\GitHub\Pim\visualstudio2012\Debug\PimButton.obj
C:\Users\Pimms\Documents\GitHub\Pim\visualstudio2012\Debug\PimConsoleReader.obj
C:\Users\Pimms\Documents\GitHub\Pim\visualstudio2012\Debug\PimFont.obj
C:\Users\Pimms\Documents\GitHub\Pim\visualstudio2012\Debug\PimGameControl.obj
C:\Users\Pimms\Documents\GitHub\Pim\visualstudio2012\Debug\PimGameNode.obj
C:\Users\Pimms\Documents\GitHub\Pim\visualstudio2012\Debug\PimInput.obj
C:\Users\Pimms\Documents\GitHub\Pim\visualstudio2012\Debug\PimLabel.obj
C:\Users\Pimms\Documents\GitHub\Pim\visualstudio2012\Debug\PimLayer.obj
C:\Users\Pimms\Documents\GitHub\Pim\visualstudio2012\Debug\PimLevelParser.obj
C:\Users\Pimms\Documents\GitHub\Pim\visualstudio2012\Debug\PimLightDef.obj
C:\Users\Pimms\Documents\GitHub\Pim\visualstudio2012\Debug\PimLightingSystem.obj
C:\Users\Pimms\Documents\GitHub\Pim\visualstudio2012\Debug\PimParticleSystem.obj
C:\Users\Pimms\Documents\GitHub\Pim\visualstudio2012\Debug\PimPolygonShape.obj
C:\Users\Pimms\Documents\GitHub\Pim\visualstudio2012\Debug\PimRenderTexture.obj
C:\Users\Pimms\Documents\GitHub\Pim\visualstudio2012\Debug\PimRenderWindow.obj
C:\Users\Pimms\Documents\GitHub\Pim\visualstudio2012\Debug\PimScene.obj
C:\Users\Pimms\Documents\GitHub\Pim\visualstudio2012\Debug\PimShaderManager.obj
C:\Users\Pimms\Documents\GitHub\Pim\visualstudio2012\Debug\PimSlider.obj
C:\Users\Pimms\Documents\GitHub\Pim\visualstudio2012\Debug\PimSound.obj
C:\Users\Pimms\Documents\GitHub\Pim\visualstudio2012\Debug\PimSprite.obj
C:\Users\Pimms\Documents\GitHub\Pim\visualstudio2012\Debug\PimSpriteBatchNode.obj
C:\Users\Pimms\Documents\GitHub\Pim\visualstudio2012\Debug\PimVec2.obj
C:\Users\Pimms\Documents\GitHub\Pim\visualstudio2012\Debug\PimWinStyle.obj
C:\Users\Pimms\Documents\GitHub\Pim\visualstudio2012\Debug\cl.command.1.tlog
C:\Users\Pimms\Documents\GitHub\Pim\visualstudio2012\Debug\CL.read.1.tlog
C:\Users\Pimms\Documents\GitHub\Pim\visualstudio2012\Debug\CL.write.1.tlog
C:\Users\Pimms\Documents\GitHub\Pim\visualstudio2012\Debug\Lib-link.read.1.tlog
C:\Users\Pimms\Documents\GitHub\Pim\visualstudio2012\Debug\Lib-link.write.1.tlog
C:\Users\Pimms\Documents\GitHub\Pim\visualstudio2012\Debug\lib.command.1.tlog
C:\Users\Pimms\Documents\GitHub\Pim\visualstudio2012\Debug\Lib.read.1.tlog
C:\Users\Pimms\Documents\GitHub\Pim\visualstudio2012\Debug\link-cvtres.read.1.tlog
C:\Users\Pimms\Documents\GitHub\Pim\visualstudio2012\Debug\link-cvtres.write.1.tlog
C:\Users\Pimms\Documents\GitHub\Pim\visualstudio2012\Debug\link-rc.read.1.tlog
C:\Users\Pimms\Documents\GitHub\Pim\visualstudio2012\Debug\link-rc.write.1.tlog
C:\Users\Pimms\Documents\GitHub\Pim\visualstudio2012\Debug\link.command.1.tlog
C:\Users\Pimms\Documents\GitHub\Pim\visualstudio2012\Debug\link.read.1.tlog
C:\Users\Pimms\Documents\GitHub\Pim\visualstudio2012\Debug\link.write.1.tlog
C:\Users\Pimms\Documents\GitHub\Pim\visualstudio2012\Debug\vc110.idb
C:\Users\Pimms\Documents\GitHub\Pim\visualstudio2012\Debug\vc110.pdb
C:\lib\pim\lib\Debug\PIM.pdb
C:\lib\pim\lib\Debug\PIM.lib
