Build started 4/1/2013 12:13:07 PM.
     1>Project "C:\Users\Pimms\Documents\GitHub\Pim\demo\vs2012\Pim_demo.vcxproj" on node 2 (Build target(s)).
     1>C:\Program Files (x86)\MSBuild\Microsoft.Cpp\v4.0\V110\Microsoft.CppBuild.targets(346,5): warning MSB8004: Output Directory does not end with a trailing slash.  This build instance will add the slash as it is required to allow proper evaluation of the Output Directory.
     1>InitializeBuildStatus:
         Creating "Release\Pim_demo.unsuccessfulbuild" because "AlwaysCreate" was specified.
       ClCompile:
         C:\Program Files (x86)\Microsoft Visual Studio 11.0\VC\bin\CL.exe /c /IC:/users/pimms/documents/github/pim/bin\include /I"C:\lib\openal-soft-1.14-bin\include" /Zi /nologo /W3 /WX- /O2 /Oi /Oy- /D WIN32 /D NDEBUG /D _CONSOLE /D _MBCS /Gm- /EHsc /MT /GS /Gy /fp:precise /Zc:wchar_t /Zc:forScope /Fo"Release\\" /Fd"Release\vc110.pdb" /Gd /TP /analyze- /errorReport:prompt ..\src\ActionLayer.cpp ..\src\DemoScene.cpp ..\src\HUDLayer.cpp ..\src\LightLayer.cpp ..\src\ParticleLayer.cpp ..\src\Pim_demo.cpp ..\src\SoundLayer.cpp ..\src\WelcomeLayer.cpp
         ActionLayer.cpp
         DemoScene.cpp
         HUDLayer.cpp
         LightLayer.cpp
     1>..\src\LightLayer.cpp(166): warning C4244: '=' : conversion from 'int' to 'float', possible loss of data
         ParticleLayer.cpp
         Pim_demo.cpp
         SoundLayer.cpp
         WelcomeLayer.cpp
         Generating Code...
       Link:
         C:\Program Files (x86)\Microsoft Visual Studio 11.0\VC\bin\link.exe /ERRORREPORT:PROMPT /OUT:"C:\Users\Pimms\Documents\GitHub\Pim\demo\vs2012\..\Pim_demo.exe" /INCREMENTAL:NO /NOLOGO /LIBPATH:C:/users/pimms/documents/github/pim/bin\lib\Release OpenGL32.lib PIM.lib /MANIFEST /MANIFESTUAC:"level='asInvoker' uiAccess='false'" /manifest:embed /DEBUG /PDB:"C:\Users\Pimms\Documents\GitHub\Pim\demo\vs2012\..\Pim_demo.pdb" /SUBSYSTEM:CONSOLE /OPT:REF /OPT:ICF /TLBID:1 /DYNAMICBASE /NXCOMPAT /IMPLIB:"C:\Users\Pimms\Documents\GitHub\Pim\demo\vs2012\..\Pim_demo.lib" /MACHINE:X86 /SAFESEH Release\ActionLayer.obj
         Release\DemoScene.obj
         Release\HUDLayer.obj
         Release\LightLayer.obj
         Release\ParticleLayer.obj
         Release\Pim_demo.obj
         Release\SoundLayer.obj
         Release\WelcomeLayer.obj
     1>PIM.lib(glew.obj) : warning LNK4099: PDB 'vc100.pdb' was not found with 'PIM.lib(glew.obj)' or at 'C:\Users\Pimms\Documents\GitHub\Pim\demo\vc100.pdb'; linking object as if no debug info
         Pim_demo.vcxproj -> C:\Users\Pimms\Documents\GitHub\Pim\demo\vs2012\..\Pim_demo.exe
       FinalizeBuildStatus:
         Deleting file "Release\Pim_demo.unsuccessfulbuild".
         Touching "Release\Pim_demo.lastbuildstate".
     1>Done Building Project "C:\Users\Pimms\Documents\GitHub\Pim\demo\vs2012\Pim_demo.vcxproj" (Build target(s)).

Build succeeded.

Time Elapsed 00:00:12.07
