Build started 30.08.2012 13:23:38.
Project "C:\lib\lpng1512\projects\vstudio\zlib\zlib.vcxproj" on node 2 (build target(s)).
InitializeBuildStatus:
  Touching "Debug\zlib.unsuccessfulbuild".
ClCompile:
  c:\Program Files (x86)\Microsoft Visual Studio 10.0\VC\bin\CL.exe /c /Zi /nologo /W0 /WX- /Od /Oy- /D WIN32 /D _DEBUG /D _WINDOWS /Gm- /EHsc /MD /GS /fp:precise /Zc:wchar_t /Zc:forScope /Fo"Debug\\" /Fd"Debug\vc100.pdb" /FR"Debug\\" /Gd /TC /analyze- /errorReport:prompt "..\..\..\..\zlib-1.2.5\adler32.c" "..\..\..\..\zlib-1.2.5\compress.c" "..\..\..\..\zlib-1.2.5\crc32.c" "..\..\..\..\zlib-1.2.5\deflate.c" "..\..\..\..\zlib-1.2.5\infback.c" "..\..\..\..\zlib-1.2.5\inffast.c" "..\..\..\..\zlib-1.2.5\inflate.c" "..\..\..\..\zlib-1.2.5\inftrees.c" "..\..\..\..\zlib-1.2.5\trees.c" "..\..\..\..\zlib-1.2.5\uncompr.c" "..\..\..\..\zlib-1.2.5\zutil.c"
  adler32.c
  compress.c
  crc32.c
  deflate.c
  infback.c
  inffast.c
  inflate.c
  inftrees.c
  trees.c
  uncompr.c
  zutil.c
  Generating Code...
Lib:
  c:\Program Files (x86)\Microsoft Visual Studio 10.0\VC\bin\Lib.exe /OUT:"C:\lib\lpng1512\projects\vstudio\Debug\zlib.lib" /NOLOGO Debug\adler32.obj
  Debug\compress.obj
  Debug\crc32.obj
  Debug\deflate.obj
  Debug\infback.obj
  Debug\inffast.obj
  Debug\inflate.obj
  Debug\inftrees.obj
  Debug\trees.obj
  Debug\uncompr.obj
  Debug\zutil.obj
  zlib.vcxproj -> C:\lib\lpng1512\projects\vstudio\Debug\zlib.lib
BscMake:
  c:\Program Files (x86)\Microsoft Visual Studio 10.0\VC\bin\bscmake.exe /nologo /o"C:\lib\lpng1512\projects\vstudio\Debug\zlib.bsc" Debug\adler32.sbr Debug\compress.sbr Debug\crc32.sbr Debug\deflate.sbr Debug\infback.sbr Debug\inffast.sbr Debug\inflate.sbr Debug\inftrees.sbr Debug\trees.sbr Debug\uncompr.sbr Debug\zutil.sbr
FinalizeBuildStatus:
  Deleting file "Debug\zlib.unsuccessfulbuild".
  Touching "Debug\zlib.lastbuildstate".
Done Building Project "C:\lib\lpng1512\projects\vstudio\zlib\zlib.vcxproj" (build target(s)).

Build succeeded.

Time Elapsed 00:00:00.71
