Build started 30.08.2012 13:25:56.
Project "C:\lib\lpng1512\projects\vstudio\zlib\zlib.vcxproj" on node 2 (build target(s)).
InitializeBuildStatus:
  Creating "Release\zlib.unsuccessfulbuild" because "AlwaysCreate" was specified.
ClCompile:
  c:\Program Files (x86)\Microsoft Visual Studio 10.0\VC\bin\CL.exe /c /Zi /nologo /W3 /WX /Ox /Oi /Oy- /GL /D WIN32 /D NDEBUG /D _WINDOWS /Gm- /EHsc /MD /GS- /Gy /fp:precise /Zc:wchar_t /Zc:forScope /Fo"Release\\" /Fd"Release\vc100.pdb" /FR"Release\\" /Gd /TC /analyze- /errorReport:prompt "..\..\..\..\zlib-1.2.5\adler32.c" "..\..\..\..\zlib-1.2.5\compress.c" "..\..\..\..\zlib-1.2.5\crc32.c" "..\..\..\..\zlib-1.2.5\deflate.c" "..\..\..\..\zlib-1.2.5\infback.c" "..\..\..\..\zlib-1.2.5\inffast.c" "..\..\..\..\zlib-1.2.5\inflate.c" "..\..\..\..\zlib-1.2.5\inftrees.c" "..\..\..\..\zlib-1.2.5\trees.c" "..\..\..\..\zlib-1.2.5\uncompr.c" "..\..\..\..\zlib-1.2.5\zutil.c"
  adler32.c
  compress.c
  crc32.c
  deflate.c
  infback.c
  inffast.c
  inflate.c
  inftrees.c
  trees.c
  uncompr.c
  zutil.c
Lib:
  c:\Program Files (x86)\Microsoft Visual Studio 10.0\VC\bin\Lib.exe /OUT:"C:\lib\lpng1512\projects\vstudio\Release\zlib.lib" /NOLOGO /LTCG Release\adler32.obj
  Release\compress.obj
  Release\crc32.obj
  Release\deflate.obj
  Release\infback.obj
  Release\inffast.obj
  Release\inflate.obj
  Release\inftrees.obj
  Release\trees.obj
  Release\uncompr.obj
  Release\zutil.obj
  zlib.vcxproj -> C:\lib\lpng1512\projects\vstudio\Release\zlib.lib
BscMake:
  c:\Program Files (x86)\Microsoft Visual Studio 10.0\VC\bin\bscmake.exe /nologo /o"C:\lib\lpng1512\projects\vstudio\Release\zlib.bsc" Release\adler32.sbr Release\compress.sbr Release\crc32.sbr Release\deflate.sbr Release\infback.sbr Release\inffast.sbr Release\inflate.sbr Release\inftrees.sbr Release\trees.sbr Release\uncompr.sbr Release\zutil.sbr
FinalizeBuildStatus:
  Deleting file "Release\zlib.unsuccessfulbuild".
  Touching "Release\zlib.lastbuildstate".
Done Building Project "C:\lib\lpng1512\projects\vstudio\zlib\zlib.vcxproj" (build target(s)).

Build succeeded.

Time Elapsed 00:00:00.53
